# JRE version: 7.0_13-b20
# Java VM: Java HotSpot(TM) Client VM (23.7-b01 mixed mode windows-x86 )
Heap
 def new generation   total 27776K, used 9943K [0x0f010000, 0x10e30000, 0x19ab0000)
  eden space 24704K,  40% used [0x0f010000, 0x0f9c5ef8, 0x10830000)
  from space 3072K,   0% used [0x10830000, 0x10830000, 0x10b30000)
  to   space 3072K,   0% used [0x10b30000, 0x10b30000, 0x10e30000)
 tenured generation   total 61524K, used 36912K [0x19ab0000, 0x1d6c5000, 0x2f010000)
   the space 61524K,  59% used [0x19ab0000, 0x1bebc298, 0x1bebc400, 0x1d6c5000)
 compacting perm gen  total 38144K, used 37946K [0x2f010000, 0x31550000, 0x4f010000)
   the space 38144K,  99% used [0x2f010000, 0x3151e8d8, 0x3151ea00, 0x31550000)
GC Heap History (10 events):
Event: 6.629 GC heap before
{Heap before GC invocations=27 (full 5):
 def new generation   total 19008K, used 19008K [0x0f010000, 0x104a0000, 0x19ab0000)
  eden space 16960K, 100% used [0x0f010000, 0x100a0000, 0x100a0000)
  from space 2048K, 100% used [0x102a0000, 0x104a0000, 0x104a0000)
  to   space 2048K,   0% used [0x100a0000, 0x100a0000, 0x102a0000)
 tenured generation   total 41952K, used 25744K [0x19ab0000, 0x1c3a8000, 0x2f010000)
   the space 41952K,  61% used [0x19ab0000, 0x1b3d4170, 0x1b3d4200, 0x1c3a8000)
 compacting perm gen  total 33280K, used 33143K [0x2f010000, 0x31090000, 0x4f010000)
   the space 33280K,  99% used [0x2f010000, 0x3106de20, 0x3106e000, 0x31090000)
No shared spaces configured.
Event: 6.641 GC heap after
Heap after GC invocations=28 (full 5):
 def new generation   total 19008K, used 1686K [0x0f010000, 0x104a0000, 0x19ab0000)
  eden space 16960K,   0% used [0x0f010000, 0x0f010000, 0x100a0000)
  from space 2048K,  82% used [0x100a0000, 0x10245b48, 0x102a0000)
  to   space 2048K,   0% used [0x102a0000, 0x102a0000, 0x104a0000)
 tenured generation   total 41952K, used 27781K [0x19ab0000, 0x1c3a8000, 0x2f010000)
   the space 41952K,  66% used [0x19ab0000, 0x1b5d1538, 0x1b5d1600, 0x1c3a8000)
 compacting perm gen  total 33280K, used 33143K [0x2f010000, 0x31090000, 0x4f010000)
   the space 33280K,  99% used [0x2f010000, 0x3106de20, 0x3106e000, 0x31090000)
No shared spaces configured.
}
Event: 6.668 GC heap before
{Heap before GC invocations=28 (full 5):
 def new generation   total 19008K, used 18646K [0x0f010000, 0x104a0000, 0x19ab0000)
  eden space 16960K, 100% used [0x0f010000, 0x100a0000, 0x100a0000)
  from space 2048K,  82% used [0x100a0000, 0x10245b48, 0x102a0000)
  to   space 2048K,   0% used [0x102a0000, 0x102a0000, 0x104a0000)
 tenured generation   total 41952K, used 27781K [0x19ab0000, 0x1c3a8000, 0x2f010000)
   the space 41952K,  66% used [0x19ab0000, 0x1b5d1538, 0x1b5d1600, 0x1c3a8000)
 compacting perm gen  total 33280K, used 33143K [0x2f010000, 0x31090000, 0x4f010000)
   the space 33280K,  99% used [0x2f010000, 0x3106de50, 0x3106e000, 0x31090000)
No shared spaces configured.
Event: 6.680 GC heap after
Heap after GC invocations=29 (full 5):
 def new generation   total 19008K, used 1546K [0x0f010000, 0x104a0000, 0x19ab0000)
  eden space 16960K,   0% used [0x0f010000, 0x0f010000, 0x100a0000)
  from space 2048K,  75% used [0x102a0000, 0x10422920, 0x104a0000)
  to   space 2048K,   0% used [0x100a0000, 0x100a0000, 0x102a0000)
 tenured generation   total 41952K, used 29456K [0x19ab0000, 0x1c3a8000, 0x2f010000)
   the space 41952K,  70% used [0x19ab0000, 0x1b774038, 0x1b774200, 0x1c3a8000)
 compacting perm gen  total 33280K, used 33143K [0x2f010000, 0x31090000, 0x4f010000)
   the space 33280K,  99% used [0x2f010000, 0x3106de50, 0x3106e000, 0x31090000)
No shared spaces configured.
}
Event: 7.273 GC heap before
{Heap before GC invocations=29 (full 5):
 def new generation   total 19008K, used 18506K [0x0f010000, 0x104a0000, 0x19ab0000)
  eden space 16960K, 100% used [0x0f010000, 0x100a0000, 0x100a0000)
  from space 2048K,  75% used [0x102a0000, 0x10422920, 0x104a0000)
  to   space 2048K,   0% used [0x100a0000, 0x100a0000, 0x102a0000)
 tenured generation   total 41952K, used 29456K [0x19ab0000, 0x1c3a8000, 0x2f010000)
   the space 41952K,  70% used [0x19ab0000, 0x1b774038, 0x1b774200, 0x1c3a8000)
 compacting perm gen  total 34048K, used 33936K [0x2f010000, 0x31150000, 0x4f010000)
   the space 34048K,  99% used [0x2f010000, 0x31134030, 0x31134200, 0x31150000)
No shared spaces configured.
Event: 7.289 GC heap after
Heap after GC invocations=30 (full 5):
 def new generation   total 19008K, used 2048K [0x0f010000, 0x104a0000, 0x19ab0000)
  eden space 16960K,   0% used [0x0f010000, 0x0f010000, 0x100a0000)
  from space 2048K, 100% used [0x100a0000, 0x102a0000, 0x102a0000)
  to   space 2048K,   0% used [0x102a0000, 0x102a0000, 0x104a0000)
 tenured generation   total 41952K, used 31915K [0x19ab0000, 0x1c3a8000, 0x2f010000)
   the space 41952K,  76% used [0x19ab0000, 0x1b9daf38, 0x1b9db000, 0x1c3a8000)
 compacting perm gen  total 34048K, used 33936K [0x2f010000, 0x31150000, 0x4f010000)
   the space 34048K,  99% used [0x2f010000, 0x31134030, 0x31134200, 0x31150000)
No shared spaces configured.
}
Event: 8.224 GC heap before
{Heap before GC invocations=30 (full 5):
 def new generation   total 19008K, used 19008K [0x0f010000, 0x104a0000, 0x19ab0000)
  eden space 16960K, 100% used [0x0f010000, 0x100a0000, 0x100a0000)
  from space 2048K, 100% used [0x100a0000, 0x102a0000, 0x102a0000)
  to   space 2048K,   0% used [0x102a0000, 0x102a0000, 0x104a0000)
 tenured generation   total 41952K, used 31915K [0x19ab0000, 0x1c3a8000, 0x2f010000)
   the space 41952K,  76% used [0x19ab0000, 0x1b9daf38, 0x1b9db000, 0x1c3a8000)
 compacting perm gen  total 36608K, used 36600K [0x2f010000, 0x313d0000, 0x4f010000)
   the space 36608K,  99% used [0x2f010000, 0x313ce2c0, 0x313ce400, 0x313d0000)
No shared spaces configured.
Event: 8.244 GC heap after
Heap after GC invocations=31 (full 5):
 def new generation   total 19008K, used 2048K [0x0f010000, 0x104a0000, 0x19ab0000)
  eden space 16960K,   0% used [0x0f010000, 0x0f010000, 0x100a0000)
  from space 2048K, 100% used [0x102a0000, 0x104a0000, 0x104a0000)
  to   space 2048K,   0% used [0x100a0000, 0x100a0000, 0x102a0000)
 tenured generation   total 41952K, used 37376K [0x19ab0000, 0x1c3a8000, 0x2f010000)
   the space 41952K,  89% used [0x19ab0000, 0x1bf30050, 0x1bf30200, 0x1c3a8000)
 compacting perm gen  total 36608K, used 36600K [0x2f010000, 0x313d0000, 0x4f010000)
   the space 36608K,  99% used [0x2f010000, 0x313ce2c0, 0x313ce400, 0x313d0000)
No shared spaces configured.
}
Event: 10.971 GC heap before
{Heap before GC invocations=31 (full 5):
 def new generation   total 19008K, used 8386K [0x0f010000, 0x104a0000, 0x19ab0000)
  eden space 16960K,  37% used [0x0f010000, 0x0f640bd0, 0x100a0000)
  from space 2048K, 100% used [0x102a0000, 0x104a0000, 0x104a0000)
  to   space 2048K,   0% used [0x100a0000, 0x100a0000, 0x102a0000)
 tenured generation   total 41952K, used 37376K [0x19ab0000, 0x1c3a8000, 0x2f010000)
   the space 41952K,  89% used [0x19ab0000, 0x1bf30050, 0x1bf30200, 0x1c3a8000)
 compacting perm gen  total 36864K, used 36864K [0x2f010000, 0x31410000, 0x4f010000)
   the space 36864K, 100% used [0x2f010000, 0x31410000, 0x31410000, 0x31410000)
No shared spaces configured.
Event: 11.099 GC heap after
Heap after GC invocations=32 (full 6):
 def new generation   total 27776K, used 0K [0x0f010000, 0x10e30000, 0x19ab0000)
  eden space 24704K,   0% used [0x0f010000, 0x0f010000, 0x10830000)
  from space 3072K,   0% used [0x10830000, 0x10830000, 0x10b30000)
  to   space 3072K,   0% used [0x10b30000, 0x10b30000, 0x10e30000)
 tenured generation   total 61524K, used 36912K [0x19ab0000, 0x1d6c5000, 0x2f010000)
   the space 61524K,  59% used [0x19ab0000, 0x1bebc298, 0x1bebc400, 0x1d6c5000)
 compacting perm gen  total 36864K, used 36864K [0x2f010000, 0x31410000, 0x4f010000)
   the space 36864K, 100% used [0x2f010000, 0x31410000, 0x31410000, 0x31410000)
No shared spaces configured.
}

